<?xml version="1.0" encoding="UTF-8"?>
<!-- Generated by org.testng.reporters.JUnitReportReporter -->
<testsuite hostname="B2ML32250" name="MercuryTours.MercuryTours" tests="2" failures="0" timestamp="1 May 2020 13:36:03 GMT" time="47.116" errors="0">
  <testcase name="TestCase1" time="5.127" classname="MercuryTours.MercuryTours"/>
  <testcase name="TestCase2" time="41.989" classname="MercuryTours.MercuryTours"/>
</testsuite> <!-- MercuryTours.MercuryTours -->
