<?xml version="1.0" encoding="UTF-8"?>
<!-- Generated by org.testng.reporters.JUnitReportReporter -->
<testsuite hostname="B2ML32250" name="webdriver.Webdriver" tests="1" failures="0" timestamp="1 May 2020 13:36:03 GMT" time="7.281" errors="0">
  <testcase name="creatingWebDriverInstance" time="7.281" classname="webdriver.Webdriver"/>
</testsuite> <!-- webdriver.Webdriver -->
